<?xml version="1.0" encoding="UTF-8"?>
<!-- Generated by org.testng.reporters.JUnitXMLReporter -->
<testsuite hostname="Ayses-MBP.home" ignored="0" name="Default test" tests="4" failures="0" timestamp="14 Mar 2020 19:42:14 GMT" time="40.385" errors="0">
  <testcase name="getTitle" time="0.086" classname="com.hubspot.test.LoginPageTest"/>
  <testcase name="loginTest1" time="3.433" classname="com.hubspot.test.LoginPageTest"/>
  <testcase name="aloginTest2" time="3.329" classname="com.hubspot.test.LoginPageTest"/>
  <testcase name="aloginTest3" time="3.74" classname="com.hubspot.test.LoginPageTest"/>
</testsuite> <!-- Default test -->
