<?xml version="1.0" encoding="UTF-8"?>
<!-- Generated by org.testng.reporters.JUnitXMLReporter -->
<testsuite hostname="Ayses-MBP.home" ignored="0" name="Default test" tests="4" failures="0" timestamp="04 Mar 2020 02:22:11 GMT" time="29.544" errors="0">
  <testcase name="getTitle" time="0.822" classname="com.hubspot.test.LoginPageTest"/>
  <testcase name="loginTest1" time="0.814" classname="com.hubspot.test.LoginPageTest"/>
  <testcase name="aloginTest2" time="0.398" classname="com.hubspot.test.LoginPageTest"/>
  <testcase name="aloginTest3" time="0.916" classname="com.hubspot.test.LoginPageTest"/>
</testsuite> <!-- Default test -->
